Using pre-set license
Built from '2020.3/staging' branch; Version is '2020.3.3f1 (76626098c1c4) revision 7758432'; Using compiler version '192528614'; Build Type 'Release'
OS: 'Windows 10 Pro; OS build 19041.1165; Version 2004; 64bit' Language: 'fr' Physical Memory: 8029 MB
BatchMode: 1, IsHumanControllingUs: 0, StartBugReporterOnCrash: 0, Is64bit: 1, IsPro: 0

 COMMAND LINE ARGUMENTS:
F:\unity\2020.3.3f1\Editor\Unity.exe
-adb2
-batchMode
-noUpm
-name
AssetImportWorker0
-projectPath
C:/Users/Theo/Desktop/unity start/Chess
-logFile
Logs/AssetImportWorker0.log
-srvPort
54942
Successfully changed project path to: C:/Users/Theo/Desktop/unity start/Chess
C:/Users/Theo/Desktop/unity start/Chess
Using Asset Import Pipeline V2.
Refreshing native plugins compatible for Editor in 54.51 ms, found 1 plugins.
Preloading 0 native plugins for Editor in 0.00 ms.
Initialize engine version: 2020.3.3f1 (76626098c1c4)
[Subsystems] Discovering subsystems at path F:/unity/2020.3.3f1/Editor/Data/Resources/UnitySubsystems
[Subsystems] Discovering subsystems at path C:/Users/Theo/Desktop/unity start/Chess/Assets
GfxDevice: creating device client; threaded=0
Direct3D:
    Version:  Direct3D 11.0 [level 11.1]
    Renderer: NVIDIA GeForce GTX 1660 Ti (ID=0x2191)
    Vendor:   
    VRAM:     5991 MB
    Driver:   27.21.14.5167
Initialize mono
Mono path[0] = 'F:/unity/2020.3.3f1/Editor/Data/Managed'
Mono path[1] = 'F:/unity/2020.3.3f1/Editor/Data/MonoBleedingEdge/lib/mono/unityjit'
Mono config path = 'F:/unity/2020.3.3f1/Editor/Data/MonoBleedingEdge/etc'
Using monoOptions --debugger-agent=transport=dt_socket,embedding=1,server=y,suspend=n,address=127.0.0.1:56204
Begin MonoManager ReloadAssembly
Registering precompiled unity dll's ...
Register platform support module: F:/unity/2020.3.3f1/Editor/Data/PlaybackEngines/WindowsStandaloneSupport/UnityEditor.WindowsStandalone.Extensions.dll
Registered in 0.024409 seconds.
Native extension for WindowsStandalone target not found
Refreshing native plugins compatible for Editor in 44.79 ms, found 1 plugins.
Preloading 0 native plugins for Editor in 0.00 ms.
Invoked RoslynAnalysisRunner static constructor.
RoslynAnalysisRunner will not be running.
RoslynAnalysisRunner has terminated.
Mono: successfully reloaded assembly
- Completed reload, in 14.446 seconds
Platform modules already initialized, skipping
Registering precompiled user dll's ...
Registered in 0.008132 seconds.
Begin MonoManager ReloadAssembly
Native extension for WindowsStandalone target not found
Refreshing native plugins compatible for Editor in 49.31 ms, found 1 plugins.
Preloading 0 native plugins for Editor in 0.00 ms.
Invoked RoslynAnalysisRunner static constructor.
RoslynAnalysisRunner will not be running.
RoslynAnalysisRunner has terminated.
Find all reader and writers took 245 milliseconds
Script Module: UnityEngine.UI.dll
Weave behaviours and messages took 172 milliseconds
Find all reader and writers took 177 milliseconds
Script Module: UnityEngine.TestRunner.dll
Weave behaviours and messages took 52 milliseconds
Find all reader and writers took 187 milliseconds
Script Module: Unity.Mathematics.dll
Weave behaviours and messages took 462 milliseconds
Find all reader and writers took 167 milliseconds
Script Module: Unity.2D.Animation.Triangle.Runtime.dll
Weave behaviours and messages took 89 milliseconds
Find all reader and writers took 179 milliseconds
Script Module: SimpleWebTransport.dll
Weave behaviours and messages took 13 milliseconds
Find all reader and writers took 178 milliseconds
Script Module: Unity.Timeline.dll
Weave behaviours and messages took 62 milliseconds
Find all reader and writers took 401 milliseconds
Script Module: Unity.TextMeshPro.dll
Weave behaviours and messages took 233 milliseconds
Find all reader and writers took 174 milliseconds
Script Module: Unity.2D.Animation.Runtime.dll
Weave behaviours and messages took 13 milliseconds
Find all reader and writers took 238 milliseconds
Script Module: Unity.2D.IK.Runtime.dll
Weave behaviours and messages took 17 milliseconds
Find all reader and writers took 177 milliseconds
Script Module: Unity.2D.SpriteShape.Runtime.dll
Weave behaviours and messages took 66 milliseconds
Find all reader and writers took 161 milliseconds
Script Module: Assembly-CSharp.dll
Weave behaviours and messages took 5 milliseconds
Find all reader and writers took 277 milliseconds
Script Module: kcp2k.dll
Weave behaviours and messages took 15 milliseconds
